\BOOKMARK [1][-]{section*.1}{\376\377\000A\000b\000s\000t\000r\000a\000c\000t}{}% 1
\BOOKMARK [1][-]{section.1}{\376\377\0001\000\040\000I\000n\000t\000r\000o\000d\000u\000c\000t\000i\000o\000n}{}% 2
\BOOKMARK [1][-]{section.2}{\376\377\0002\000\040\000B\000a\000c\000k\000g\000r\000o\000u\000n\000d\000\040\000a\000n\000d\000\040\000T\000h\000r\000e\000a\000t\000\040\000M\000o\000d\000e\000l}{}% 3
\BOOKMARK [2][-]{subsection.2.1}{\376\377\0002\000.\0001\000\040\000S\000e\000t\000t\000i\000n\000g}{section.2}% 4
\BOOKMARK [2][-]{subsection.2.2}{\376\377\0002\000.\0002\000\040\000E\000c\000o\000n\000o\000m\000i\000c\000\040\000M\000o\000d\000e\000l}{section.2}% 5
\BOOKMARK [2][-]{subsection.2.3}{\376\377\0002\000.\0003\000\040\000T\000h\000r\000e\000a\000t\000\040\000M\000o\000d\000e\000l}{section.2}% 6
\BOOKMARK [2][-]{subsection.2.4}{\376\377\0002\000.\0004\000\040\000A\000t\000t\000a\000c\000k\000e\000r\000\040\000C\000a\000p\000a\000b\000i\000l\000i\000t\000i\000e\000s\000\040\000a\000n\000d\000\040\000C\000o\000n\000s\000t\000r\000a\000i\000n\000t\000s}{section.2}% 7
\BOOKMARK [1][-]{section.3}{\376\377\0003\000\040\000T\000R\000A\000C\000E\000\040\000S\000y\000s\000t\000e\000m\000\040\000D\000e\000s\000i\000g\000n}{}% 8
\BOOKMARK [2][-]{subsection.3.1}{\376\377\0003\000.\0001\000\040\000O\000v\000e\000r\000v\000i\000e\000w}{section.3}% 9
\BOOKMARK [2][-]{subsection.3.2}{\376\377\0003\000.\0002\000\040\000C\000o\000m\000p\000o\000s\000i\000t\000e\000\040\000T\000r\000u\000s\000t\000\040\000S\000c\000o\000r\000e}{section.3}% 10
\BOOKMARK [2][-]{subsection.3.3}{\376\377\0003\000.\0003\000\040\000R\000e\000p\000e\000a\000t\000e\000d\000-\000P\000a\000i\000r\000\040\000D\000e\000c\000a\000y}{section.3}% 11
\BOOKMARK [2][-]{subsection.3.4}{\376\377\0003\000.\0004\000\040\000C\000l\000i\000q\000u\000e\000\040\000P\000e\000n\000a\000l\000t\000y}{section.3}% 12
\BOOKMARK [2][-]{subsection.3.5}{\376\377\0003\000.\0005\000\040\000P\000r\000o\000g\000r\000e\000s\000s\000i\000v\000e\000\040\000T\000r\000u\000s\000t\000\040\000U\000n\000l\000o\000c\000k}{section.3}% 13
\BOOKMARK [2][-]{subsection.3.6}{\376\377\0003\000.\0006\000\040\000R\000o\000u\000t\000i\000n\000g\000\040\000U\000t\000i\000l\000i\000t\000y\000\040\000F\000u\000n\000c\000t\000i\000o\000n}{section.3}% 14
\BOOKMARK [2][-]{subsection.3.7}{\376\377\0003\000.\0007\000\040\000T\000r\000u\000s\000t\000\040\000U\000p\000d\000a\000t\000e}{section.3}% 15
\BOOKMARK [2][-]{subsection.3.8}{\376\377\0003\000.\0008\000\040\000B\000a\000y\000e\000s\000i\000a\000n\000\040\000T\000r\000u\000s\000t\000\040\000E\000x\000t\000e\000n\000s\000i\000o\000n}{section.3}% 16
\BOOKMARK [2][-]{subsection.3.9}{\376\377\0003\000.\0009\000\040\000S\000t\000r\000u\000c\000t\000u\000r\000a\000l\000\040\000C\000o\000s\000t\000\040\000B\000o\000u\000n\000d\000s}{section.3}% 17
\BOOKMARK [2][-]{subsection.3.10}{\376\377\0003\000.\0001\0000\000\040\000W\000o\000r\000k\000e\000d\000\040\000E\000x\000a\000m\000p\000l\000e}{section.3}% 18
\BOOKMARK [2][-]{subsection.3.11}{\376\377\0003\000.\0001\0001\000\040\000C\000o\000m\000p\000u\000t\000a\000t\000i\000o\000n\000a\000l\000\040\000C\000o\000m\000p\000l\000e\000x\000i\000t\000y}{section.3}% 19
\BOOKMARK [1][-]{section.4}{\376\377\0004\000\040\000R\000e\000l\000a\000t\000e\000d\000\040\000W\000o\000r\000k}{}% 20
\BOOKMARK [2][-]{subsection.4.1}{\376\377\0004\000.\0001\000\040\000D\000i\000s\000t\000r\000i\000b\000u\000t\000e\000d\000\040\000T\000r\000u\000s\000t\000\040\000a\000n\000d\000\040\000R\000e\000p\000u\000t\000a\000t\000i\000o\000n\000\040\000S\000y\000s\000t\000e\000m\000s}{section.4}% 21
\BOOKMARK [2][-]{subsection.4.2}{\376\377\0004\000.\0002\000\040\000S\000y\000b\000i\000l\000\040\000A\000t\000t\000a\000c\000k\000\040\000D\000e\000f\000e\000n\000c\000e\000s}{section.4}% 22
\BOOKMARK [2][-]{subsection.4.3}{\376\377\0004\000.\0003\000\040\000A\000d\000v\000e\000r\000s\000a\000r\000i\000a\000l\000\040\000R\000o\000u\000t\000i\000n\000g\000\040\000a\000n\000d\000\040\000S\000t\000r\000a\000t\000e\000g\000i\000c\000\040\000B\000e\000h\000a\000v\000i\000o\000u\000r}{section.4}% 23
\BOOKMARK [2][-]{subsection.4.4}{\376\377\0004\000.\0004\000\040\000T\000r\000u\000s\000t\000\040\000i\000n\000\040\000A\000g\000e\000n\000t\000\040\000C\000o\000o\000r\000d\000i\000n\000a\000t\000i\000o\000n\000\040\000I\000n\000f\000r\000a\000s\000t\000r\000u\000c\000t\000u\000r\000e}{section.4}% 24
\BOOKMARK [2][-]{subsection.4.5}{\376\377\0004\000.\0005\000\040\000T\000r\000u\000s\000t\000\040\000i\000n\000\040\000L\000i\000g\000h\000t\000n\000i\000n\000g\000\040\000N\000e\000t\000w\000o\000r\000k\000\040\000S\000y\000s\000t\000e\000m\000s}{section.4}% 25
\BOOKMARK [2][-]{subsection.4.6}{\376\377\0004\000.\0006\000\040\000P\000o\000s\000i\000t\000i\000o\000n\000i\000n\000g}{section.4}% 26
\BOOKMARK [1][-]{section.5}{\376\377\0005\000\040\000E\000x\000p\000e\000r\000i\000m\000e\000n\000t\000a\000l\000\040\000M\000e\000t\000h\000o\000d\000o\000l\000o\000g\000y}{}% 27
\BOOKMARK [2][-]{subsection.5.1}{\376\377\0005\000.\0001\000\040\000S\000i\000m\000u\000l\000a\000t\000i\000o\000n\000\040\000E\000n\000v\000i\000r\000o\000n\000m\000e\000n\000t}{section.5}% 28
\BOOKMARK [2][-]{subsection.5.2}{\376\377\0005\000.\0002\000\040\000R\000o\000u\000t\000i\000n\000g\000\040\000P\000o\000l\000i\000c\000i\000e\000s}{section.5}% 29
\BOOKMARK [2][-]{subsection.5.3}{\376\377\0005\000.\0003\000\040\000A\000t\000t\000a\000c\000k\000\040\000C\000o\000n\000f\000i\000g\000u\000r\000a\000t\000i\000o\000n\000s}{section.5}% 30
\BOOKMARK [2][-]{subsection.5.4}{\376\377\0005\000.\0004\000\040\000S\000t\000a\000t\000i\000s\000t\000i\000c\000a\000l\000\040\000M\000e\000t\000h\000o\000d\000s}{section.5}% 31
\BOOKMARK [2][-]{subsection.5.5}{\376\377\0005\000.\0005\000\040\000C\000a\000t\000a\000s\000t\000r\000o\000p\000h\000i\000c\000\040\000S\000e\000e\000d\000\040\000A\000n\000a\000l\000y\000s\000i\000s}{section.5}% 32
\BOOKMARK [2][-]{subsection.5.6}{\376\377\0005\000.\0006\000\040\000M\000e\000t\000r\000i\000c\000s}{section.5}% 33
\BOOKMARK [1][-]{section.6}{\376\377\0006\000\040\000E\000v\000a\000l\000u\000a\000t\000i\000o\000n}{}% 34
\BOOKMARK [2][-]{subsection.6.1}{\376\377\0006\000.\0001\000\040\000C\000o\000r\000e\000\040\000R\000o\000u\000t\000i\000n\000g\000\040\000R\000e\000s\000u\000l\000t\000s\000:\000\040\000C\000o\000l\000l\000u\000s\000i\000o\000n\000\040\000R\000i\000n\000g}{section.6}% 35
\BOOKMARK [2][-]{subsection.6.2}{\376\377\0006\000.\0002\000\040\000C\000o\000r\000e\000\040\000R\000o\000u\000t\000i\000n\000g\000\040\000R\000e\000s\000u\000l\000t\000s\000:\000\040\000S\000t\000r\000a\000t\000e\000g\000i\000c\000\040\000D\000e\000f\000a\000u\000l\000t}{section.6}% 36
\BOOKMARK [2][-]{subsection.6.3}{\376\377\0006\000.\0003\000\040\000S\000y\000b\000i\000l\000\040\000C\000l\000u\000s\000t\000e\000r\000\040\000a\000n\000d\000\040\000W\000h\000i\000t\000e\000w\000a\000s\000h\000i\000n\000g}{section.6}% 37
\BOOKMARK [2][-]{subsection.6.4}{\376\377\0006\000.\0004\000\040\000S\000c\000a\000l\000i\000n\000g\000\040\000A\000n\000a\000l\000y\000s\000i\000s}{section.6}% 38
\BOOKMARK [2][-]{subsection.6.5}{\376\377\0006\000.\0005\000\040\000A\000d\000a\000p\000t\000i\000v\000e\000\040\000C\000o\000l\000l\000u\000s\000i\000o\000n}{section.6}% 39
\BOOKMARK [2][-]{subsection.6.6}{\376\377\0006\000.\0006\000\040\000A\000b\000l\000a\000t\000i\000o\000n\000\040\000S\000t\000u\000d\000y}{section.6}% 40
\BOOKMARK [2][-]{subsection.6.7}{\376\377\0006\000.\0007\000\040\000S\000e\000n\000s\000i\000t\000i\000v\000i\000t\000y\000\040\000A\000n\000a\000l\000y\000s\000i\000s}{section.6}% 41
\BOOKMARK [2][-]{subsection.6.8}{\376\377\0006\000.\0008\000\040\000B\000a\000y\000e\000s\000i\000a\000n\000\040\000T\000r\000u\000s\000t\000\040\000E\000x\000t\000e\000n\000s\000i\000o\000n\000\040\000E\000v\000a\000l\000u\000a\000t\000i\000o\000n}{section.6}% 42
\BOOKMARK [1][-]{section.7}{\376\377\0007\000\040\000C\000o\000m\000p\000l\000e\000x\000i\000t\000y\000-\000I\000n\000d\000u\000c\000e\000d\000\040\000I\000n\000s\000t\000a\000b\000i\000l\000i\000t\000y}{}% 43
\BOOKMARK [2][-]{subsection.7.1}{\376\377\0007\000.\0001\000\040\000E\000v\000a\000l\000u\000a\000t\000e\000d\000\040\000E\000x\000t\000e\000n\000s\000i\000o\000n\000s}{section.7}% 44
\BOOKMARK [2][-]{subsection.7.2}{\376\377\0007\000.\0002\000\040\000R\000e\000s\000u\000l\000t\000s}{section.7}% 45
\BOOKMARK [2][-]{subsection.7.3}{\376\377\0007\000.\0003\000\040\000M\000e\000c\000h\000a\000n\000i\000s\000m\000:\000\040\000F\000a\000l\000s\000e\000-\000P\000o\000s\000i\000t\000i\000v\000e\000\040\000T\000a\000x}{section.7}% 46
\BOOKMARK [2][-]{subsection.7.4}{\376\377\0007\000.\0004\000\040\000S\000c\000o\000p\000e\000\040\000o\000f\000\040\000t\000h\000e\000\040\000F\000i\000n\000d\000i\000n\000g}{section.7}% 47
\BOOKMARK [1][-]{section.8}{\376\377\0008\000\040\000P\000i\000l\000o\000t\000\040\000D\000e\000p\000l\000o\000y\000m\000e\000n\000t}{}% 48
\BOOKMARK [2][-]{subsection.8.1}{\376\377\0008\000.\0001\000\040\000D\000e\000p\000l\000o\000y\000m\000e\000n\000t\000\040\000C\000o\000n\000f\000i\000g\000u\000r\000a\000t\000i\000o\000n}{section.8}% 49
\BOOKMARK [2][-]{subsection.8.2}{\376\377\0008\000.\0002\000\040\000P\000i\000l\000o\000t\000\040\000S\000t\000a\000t\000i\000s\000t\000i\000c\000s}{section.8}% 50
\BOOKMARK [2][-]{subsection.8.3}{\376\377\0008\000.\0003\000\040\000W\000h\000a\000t\000\040\000t\000h\000e\000\040\000P\000i\000l\000o\000t\000\040\000C\000o\000n\000f\000i\000r\000m\000s}{section.8}% 51
\BOOKMARK [2][-]{subsection.8.4}{\376\377\0008\000.\0004\000\040\000S\000c\000o\000p\000e\000\040\000a\000n\000d\000\040\000L\000i\000m\000i\000t\000a\000t\000i\000o\000n\000s}{section.8}% 52
\BOOKMARK [1][-]{section.9}{\376\377\0009\000\040\000D\000i\000s\000c\000u\000s\000s\000i\000o\000n}{}% 53
\BOOKMARK [2][-]{subsection.9.1}{\376\377\0009\000.\0001\000\040\000W\000h\000e\000n\000\040\000d\000o\000e\000s\000\040\000c\000o\000m\000p\000o\000s\000i\000t\000e\000\040\000t\000r\000u\000s\000t\000\040\000s\000c\000o\000r\000i\000n\000g\000\040\000h\000e\000l\000p\000?}{section.9}% 54
\BOOKMARK [2][-]{subsection.9.2}{\376\377\0009\000.\0002\000\040\000W\000h\000e\000n\000\040\000d\000o\000e\000s\000\040\000c\000o\000m\000p\000o\000s\000i\000t\000e\000\040\000t\000r\000u\000s\000t\000\040\000s\000c\000o\000r\000i\000n\000g\000\040\000n\000o\000t\000\040\000h\000e\000l\000p\000?}{section.9}% 55
\BOOKMARK [2][-]{subsection.9.3}{\376\377\0009\000.\0003\000\040\000I\000m\000p\000l\000i\000c\000a\000t\000i\000o\000n\000s\000\040\000f\000o\000r\000\040\000t\000r\000u\000s\000t\000-\000s\000y\000s\000t\000e\000m\000\040\000d\000e\000s\000i\000g\000n}{section.9}% 56
\BOOKMARK [2][-]{subsection.9.4}{\376\377\0009\000.\0004\000\040\000D\000e\000p\000l\000o\000y\000m\000e\000n\000t\000\040\000c\000o\000n\000s\000i\000d\000e\000r\000a\000t\000i\000o\000n\000s}{section.9}% 57
\BOOKMARK [2][-]{subsection.9.5}{\376\377\0009\000.\0005\000\040\000T\000h\000r\000e\000a\000t\000s\000\040\000t\000o\000\040\000v\000a\000l\000i\000d\000i\000t\000y}{section.9}% 58
\BOOKMARK [1][-]{section.10}{\376\377\0001\0000\000\040\000L\000i\000m\000i\000t\000a\000t\000i\000o\000n\000s}{}% 59
\BOOKMARK [1][-]{section.11}{\376\377\0001\0001\000\040\000C\000o\000n\000c\000l\000u\000s\000i\000o\000n\000\040\000a\000n\000d\000\040\000F\000u\000t\000u\000r\000e\000\040\000W\000o\000r\000k}{}% 60
\BOOKMARK [1][-]{section*.26}{\376\377\000A\000c\000k\000n\000o\000w\000l\000e\000d\000g\000m\000e\000n\000t\000s}{}% 61
\BOOKMARK [1][-]{section*.28}{\376\377\000R\000e\000f\000e\000r\000e\000n\000c\000e\000s}{}% 62
\BOOKMARK [1][-]{appendix.A}{\376\377\000A\000\040\000R\000e\000p\000r\000o\000d\000u\000c\000i\000b\000i\000l\000i\000t\000y\000\040\000D\000e\000t\000a\000i\000l\000s}{}% 63
\BOOKMARK [1][-]{appendix.B}{\376\377\000B\000\040\000S\000u\000p\000p\000l\000e\000m\000e\000n\000t\000a\000r\000y\000\040\000S\000t\000a\000t\000i\000s\000t\000i\000c\000s}{}% 64
\BOOKMARK [1][-]{appendix.C}{\376\377\000C\000\040\000E\000x\000t\000e\000n\000d\000e\000d\000\040\000S\000t\000a\000t\000i\000s\000t\000i\000c\000a\000l\000\040\000D\000e\000t\000a\000i\000l}{}% 65
\BOOKMARK [1][-]{appendix.D}{\376\377\000D\000\040\000N\000o\000t\000a\000t\000i\000o\000n\000\040\000S\000u\000m\000m\000a\000r\000y}{}% 66
